<?xml version="1.0" encoding="UTF-8"?>
<!-- Generated by org.testng.reporters.JUnitXMLReporter -->
<testsuite hostname="BBMachine2" name="Verify Items in CartPage" tests="7" failures="0" timestamp="11 Jun 2018 13:55:40 GMT" time="45.443" errors="0">
  <testcase name="CheckMyntraHomePage" time="0.026" classname="com.myntra.TestAutomation.VerifyItemsInCartPage"/>
  <testcase name="clickOnLoginButton" time="2.208" classname="com.myntra.TestAutomation.VerifyItemsInCartPage"/>
  <testcase name="enerUserCredentials" time="11.6" classname="com.myntra.TestAutomation.VerifyItemsInCartPage"/>
  <testcase name="searchForProducts" time="5.746" classname="com.myntra.TestAutomation.VerifyItemsInCartPage"/>
  <testcase name="userSelectFirstProduct" time="0.184" classname="com.myntra.TestAutomation.VerifyItemsInCartPage"/>
  <testcase name="clickOnWhishListOption" time="2.611" classname="com.myntra.TestAutomation.VerifyItemsInCartPage"/>
  <testcase name="clickAddToBagButton" time="4.335" classname="com.myntra.TestAutomation.VerifyItemsInCartPage"/>
</testsuite> <!-- Verify Items in CartPage -->
