<?xml version="1.0" encoding="UTF-8"?>
<!-- Generated by org.testng.reporters.JUnitXMLReporter -->
<testsuite hostname="BBMachine2" name="Verify add to cart feature" tests="4" failures="0" timestamp="6 Jun 2018 13:48:39 GMT" time="56.954" errors="0">
  <testcase name="CheckMyntraHomePage" time="0.279" classname="com.myntra.TestAutomation.SearchForProduct"/>
  <testcase name="clickOnLOginButton" time="5.267" classname="com.myntra.TestAutomation.SearchForProduct"/>
  <testcase name="enerUserCredentials" time="12.704" classname="com.myntra.TestAutomation.SearchForProduct"/>
  <testcase name="searchForProducts" time="5.796" classname="com.myntra.TestAutomation.SearchForProduct"/>
</testsuite> <!-- Verify add to cart feature -->
