<?xml version="1.0" encoding="UTF-8"?>
<!-- Generated by org.testng.reporters.JUnitXMLReporter -->
<testsuite hostname="BBMachine2" name="Verify search a pruduct for guest user" tests="3" failures="0" timestamp="7 Jun 2018 07:49:30 GMT" time="36.26" errors="0">
  <testcase name="CheckMyntraHomePage" time="0.67" classname="com.myntra.TestAutomation.VerifySearchProductWithGuestUser"/>
  <testcase name="clickOnLOginButton" time="6.477" classname="com.myntra.TestAutomation.VerifySearchProductWithGuestUser"/>
  <testcase name="searchForProducts" time="6.427" classname="com.myntra.TestAutomation.VerifySearchProductWithGuestUser"/>
</testsuite> <!-- Verify search a pruduct for guest user -->
