<?xml version="1.0" encoding="UTF-8"?>
<!-- Generated by org.testng.reporters.JUnitXMLReporter -->
<testsuite hostname="BBMachine2" name="Verify search a pruduct for registered user" tests="4" failures="0" timestamp="7 Jun 2018 07:50:25 GMT" time="54.854" errors="0">
  <testcase name="CheckMyntraHomePage" time="0.031" classname="com.myntra.TestAutomation.SearchProductForRegisteredUser"/>
  <testcase name="clickOnLOginButton" time="6.345" classname="com.myntra.TestAutomation.SearchProductForRegisteredUser"/>
  <testcase name="enerUserCredentials" time="12.802" classname="com.myntra.TestAutomation.SearchProductForRegisteredUser"/>
  <testcase name="searchForProducts" time="5.5" classname="com.myntra.TestAutomation.SearchProductForRegisteredUser"/>
</testsuite> <!-- Verify search a pruduct for registered user -->
