<?xml version="1.0" encoding="UTF-8"?>
<!-- Generated by org.testng.reporters.JUnitXMLReporter -->
<testsuite hostname="BBMachine2" name="Verify search a product for registered user" tests="4" failures="0" timestamp="11 Jun 2018 13:53:35 GMT" time="34.825" errors="0">
  <testcase name="CheckMyntraHomePage" time="0.028" classname="com.myntra.TestAutomation.VerifySearchProductForRegisteredUser"/>
  <testcase name="clickOnLOginButton" time="2.254" classname="com.myntra.TestAutomation.VerifySearchProductForRegisteredUser"/>
  <testcase name="enerUserCredentials" time="11.664" classname="com.myntra.TestAutomation.VerifySearchProductForRegisteredUser"/>
  <testcase name="searchForProducts" time="5.525" classname="com.myntra.TestAutomation.VerifySearchProductForRegisteredUser"/>
</testsuite> <!-- Verify search a product for registered user -->
