<?xml version="1.0" encoding="UTF-8"?>
<!-- Generated by org.testng.reporters.JUnitXMLReporter -->
<testsuite hostname="BBMachine2" name="Verify checkout from cart page" tests="9" failures="0" timestamp="11 Jun 2018 13:57:26 GMT" time="105.93" errors="0">
  <testcase name="CheckMyntraHomePage" time="0.019" classname="com.myntra.TestAutomation.VerifyCheckoutFromCartPage"/>
  <testcase name="clickOnLoginButton" time="2.749" classname="com.myntra.TestAutomation.VerifyCheckoutFromCartPage"/>
  <testcase name="enerUserCredentials" time="12.216" classname="com.myntra.TestAutomation.VerifyCheckoutFromCartPage"/>
  <testcase name="searchForProducts" time="5.51" classname="com.myntra.TestAutomation.VerifyCheckoutFromCartPage"/>
  <testcase name="userSelectFirstProduct" time="0.147" classname="com.myntra.TestAutomation.VerifyCheckoutFromCartPage"/>
  <testcase name="clickOnWhishListOption" time="1.846" classname="com.myntra.TestAutomation.VerifyCheckoutFromCartPage"/>
  <testcase name="clickAddToBagButton" time="4.199" classname="com.myntra.TestAutomation.VerifyCheckoutFromCartPage"/>
  <testcase name="clickCheckoutButton" time="2.767" classname="com.myntra.TestAutomation.VerifyCheckoutFromCartPage"/>
  <testcase name="clickonContinueButton" time="60.787" classname="com.myntra.TestAutomation.VerifyCheckoutFromCartPage"/>
</testsuite> <!-- Verify checkout from cart page -->
