<?xml version="1.0" encoding="UTF-8"?>
<!-- Generated by org.testng.reporters.JUnitXMLReporter -->
<testsuite hostname="BBMachine2" name="Verify add to cart feature4" tests="4" failures="0" timestamp="6 Jun 2018 12:54:39 GMT" time="37.432" errors="0">
  <testcase name="CheckMyntraHomePage" time="0.04" classname="com.myntra.TestAutomation.SearchForProduct"/>
  <testcase name="clickOnLOginButton" time="4.087" classname="com.myntra.TestAutomation.SearchForProduct"/>
  <testcase name="enerUserCredentials" time="12.727" classname="com.myntra.TestAutomation.SearchForProduct"/>
  <testcase name="searchForProducts" time="5.303" classname="com.myntra.TestAutomation.SearchForProduct"/>
</testsuite> <!-- Verify add to cart feature4 -->
