<?xml version="1.0" encoding="UTF-8"?>
<!-- Generated by org.testng.reporters.JUnitXMLReporter -->
<testsuite hostname="BBMachine2" name="Verify add to cart feature3" tests="4" failures="0" timestamp="6 Jun 2018 12:54:02 GMT" time="40.941" errors="0">
  <testcase name="CheckMyntraHomePage" time="0.058" classname="com.myntra.TestAutomation.SearchForProduct"/>
  <testcase name="clickOnLOginButton" time="4.069" classname="com.myntra.TestAutomation.SearchForProduct"/>
  <testcase name="enerUserCredentials" time="12.88" classname="com.myntra.TestAutomation.SearchForProduct"/>
  <testcase name="searchForProducts" time="7.193" classname="com.myntra.TestAutomation.SearchForProduct"/>
</testsuite> <!-- Verify add to cart feature3 -->
