<?xml version="1.0" encoding="UTF-8"?>
<!-- Generated by org.testng.reporters.JUnitXMLReporter -->
<testsuite hostname="BBMachine2" name="Verify search a product for guest user" tests="5" failures="0" timestamp="11 Jun 2018 13:53:00 GMT" time="37.746" errors="0">
  <testcase name="CheckMyntraHomePage" time="0.45" classname="com.myntra.TestAutomation.VerifySearchProductWithGuestUser"/>
  <testcase name="searchForProducts" time="6.651" classname="com.myntra.TestAutomation.VerifySearchProductWithGuestUser"/>
  <testcase name="searchForProducts" time="4.761" classname="com.myntra.TestAutomation.VerifySearchProductWithGuestUser"/>
  <testcase name="searchForProducts" time="3.504" classname="com.myntra.TestAutomation.VerifySearchProductWithGuestUser"/>
  <testcase name="searchForProducts" time="4.36" classname="com.myntra.TestAutomation.VerifySearchProductWithGuestUser"/>
</testsuite> <!-- Verify search a product for guest user -->
