<?xml version="1.0" encoding="UTF-8"?>
<!-- Generated by org.testng.reporters.JUnitXMLReporter -->
<testsuite hostname="BBMachine2" name="verify AB" tests="7" failures="0" timestamp="5 Jun 2018 08:29:05 GMT" time="59.92" errors="0">
  <testcase name="CheckMyntraHomePage" time="0.41" classname="com.myntra.TestAutomation.SearchForProduct"/>
  <testcase name="clickOnLOginButton" time="5.612" classname="com.myntra.TestAutomation.SearchForProduct"/>
  <testcase name="enerUserCredentials" time="12.564" classname="com.myntra.TestAutomation.SearchForProduct"/>
  <testcase name="searchForProducts" time="6.166" classname="com.myntra.TestAutomation.SearchForProduct"/>
  <testcase name="userSelectFirstProduct" time="0.365" classname="com.myntra.TestAutomation.SearchForProduct"/>
  <testcase name="clickOnWhishListOption" time="4.215" classname="com.myntra.TestAutomation.SearchForProduct"/>
  <testcase name="clickAddToBagButton" time="8.186" classname="com.myntra.TestAutomation.SearchForProduct"/>
</testsuite> <!-- verify AB -->
