<?xml version="1.0" encoding="UTF-8"?>
<!-- Generated by org.testng.reporters.JUnitXMLReporter -->
<testsuite hostname="BBMachine2" name="Verify add to cart feature1" tests="4" failures="0" timestamp="6 Jun 2018 12:51:33 GMT" time="42.515" errors="0">
  <testcase name="CheckMyntraHomePage" time="0.379" classname="com.myntra.TestAutomation.SearchForProduct"/>
  <testcase name="clickOnLOginButton" time="3.545" classname="com.myntra.TestAutomation.SearchForProduct"/>
  <testcase name="enerUserCredentials" time="12.823" classname="com.myntra.TestAutomation.SearchForProduct"/>
  <testcase name="searchForProducts" time="5.405" classname="com.myntra.TestAutomation.SearchForProduct"/>
</testsuite> <!-- Verify add to cart feature1 -->
